{"D:\\test\\software-testing\\frontend\\src\\components\\Login.jsx": {"path":"D:\\test\\software-testing\\frontend\\src\\components\\Login.jsx","statementMap":{"0":{"start":{"line":8,"column":19},"end":{"line":8,"column":32}},"1":{"start":{"line":9,"column":34},"end":{"line":9,"column":46}},"2":{"start":{"line":10,"column":34},"end":{"line":10,"column":46}},"3":{"start":{"line":11,"column":30},"end":{"line":11,"column":42}},"4":{"start":{"line":12,"column":32},"end":{"line":12,"column":44}},"5":{"start":{"line":13,"column":42},"end":{"line":13,"column":57}},"6":{"start":{"line":16,"column":23},"end":{"line":39,"column":3}},"7":{"start":{"line":17,"column":4},"end":{"line":17,"column":23}},"8":{"start":{"line":19,"column":26},"end":{"line":19,"column":52}},"9":{"start":{"line":20,"column":26},"end":{"line":20,"column":52}},"10":{"start":{"line":21,"column":4},"end":{"line":24,"column":7}},"11":{"start":{"line":26,"column":4},"end":{"line":28,"column":5}},"12":{"start":{"line":27,"column":8},"end":{"line":27,"column":15}},"13":{"start":{"line":30,"column":4},"end":{"line":38,"column":5}},"14":{"start":{"line":31,"column":21},"end":{"line":31,"column":56}},"15":{"start":{"line":32,"column":8},"end":{"line":32,"column":39}},"16":{"start":{"line":33,"column":8},"end":{"line":33,"column":55}},"17":{"start":{"line":34,"column":8},"end":{"line":34,"column":51}},"18":{"start":{"line":35,"column":8},"end":{"line":35,"column":31}},"19":{"start":{"line":37,"column":8},"end":{"line":37,"column":35}},"20":{"start":{"line":41,"column":2},"end":{"line":97,"column":3}},"21":{"start":{"line":47,"column":144},"end":{"line":47,"column":171}},"22":{"start":{"line":61,"column":31},"end":{"line":61,"column":58}},"23":{"start":{"line":67,"column":33},"end":{"line":67,"column":54}},"24":{"start":{"line":68,"column":31},"end":{"line":68,"column":53}},"25":{"start":{"line":69,"column":34},"end":{"line":69,"column":56}}},"fnMap":{"0":{"name":"Login","decl":{"start":{"line":7,"column":24},"end":{"line":7,"column":29}},"loc":{"start":{"line":7,"column":32},"end":{"line":98,"column":1}},"line":7},"1":{"name":"(anonymous_1)","decl":{"start":{"line":16,"column":23},"end":{"line":16,"column":24}},"loc":{"start":{"line":16,"column":36},"end":{"line":39,"column":3}},"line":16},"2":{"name":"(anonymous_2)","decl":{"start":{"line":47,"column":137},"end":{"line":47,"column":138}},"loc":{"start":{"line":47,"column":144},"end":{"line":47,"column":171}},"line":47},"3":{"name":"(anonymous_3)","decl":{"start":{"line":61,"column":24},"end":{"line":61,"column":25}},"loc":{"start":{"line":61,"column":31},"end":{"line":61,"column":58}},"line":61},"4":{"name":"(anonymous_4)","decl":{"start":{"line":67,"column":27},"end":{"line":67,"column":28}},"loc":{"start":{"line":67,"column":33},"end":{"line":67,"column":54}},"line":67},"5":{"name":"(anonymous_5)","decl":{"start":{"line":68,"column":25},"end":{"line":68,"column":26}},"loc":{"start":{"line":68,"column":31},"end":{"line":68,"column":53}},"line":68},"6":{"name":"(anonymous_6)","decl":{"start":{"line":69,"column":28},"end":{"line":69,"column":29}},"loc":{"start":{"line":69,"column":34},"end":{"line":69,"column":56}},"line":69}},"branchMap":{"0":{"loc":{"start":{"line":26,"column":4},"end":{"line":28,"column":5}},"type":"if","locations":[{"start":{"line":26,"column":4},"end":{"line":28,"column":5}},{"start":{},"end":{}}],"line":26},"1":{"loc":{"start":{"line":26,"column":8},"end":{"line":26,"column":38}},"type":"binary-expr","locations":[{"start":{"line":26,"column":8},"end":{"line":26,"column":21}},{"start":{"line":26,"column":25},"end":{"line":26,"column":38}}],"line":26},"2":{"loc":{"start":{"line":49,"column":13},"end":{"line":53,"column":13}},"type":"binary-expr","locations":[{"start":{"line":49,"column":13},"end":{"line":49,"column":28}},{"start":{"line":50,"column":16},"end":{"line":52,"column":20}}],"line":49},"3":{"loc":{"start":{"line":56,"column":20},"end":{"line":56,"column":54}},"type":"cond-expr","locations":[{"start":{"line":56,"column":35},"end":{"line":56,"column":41}},{"start":{"line":56,"column":44},"end":{"line":56,"column":54}}],"line":56},"4":{"loc":{"start":{"line":82,"column":13},"end":{"line":86,"column":13}},"type":"binary-expr","locations":[{"start":{"line":82,"column":13},"end":{"line":82,"column":28}},{"start":{"line":83,"column":14},"end":{"line":85,"column":18}}],"line":82},"5":{"loc":{"start":{"line":89,"column":11},"end":{"line":93,"column":11}},"type":"binary-expr","locations":[{"start":{"line":89,"column":11},"end":{"line":89,"column":18}},{"start":{"line":90,"column":12},"end":{"line":92,"column":16}}],"line":89},"6":{"loc":{"start":{"line":90,"column":65},"end":{"line":90,"column":117}},"type":"cond-expr","locations":[{"start":{"line":90,"column":98},"end":{"line":90,"column":107}},{"start":{"line":90,"column":110},"end":{"line":90,"column":117}}],"line":90}},"s":{"0":23,"1":23,"2":23,"3":23,"4":23,"5":23,"6":23,"7":5,"8":5,"9":5,"10":5,"11":5,"12":1,"13":4,"14":4,"15":2,"16":2,"17":2,"18":2,"19":2,"20":23,"21":4,"22":4,"23":0,"24":0,"25":0},"f":{"0":23,"1":5,"2":4,"3":4,"4":0,"5":0,"6":0},"b":{"0":[1,4],"1":[5,4],"2":[23,1],"3":[0,23],"4":[23,1],"5":[23,5],"6":[3,2]},"_coverageSchema":"1a1c01bbd47fc00a2c39e90264f33305004495a9","hash":"05ba3379da3d8c4b38346995ed3b5d8ec53cb6c0"}
,"D:\\test\\software-testing\\frontend\\src\\components\\ProductDetail.jsx": {"path":"D:\\test\\software-testing\\frontend\\src\\components\\ProductDetail.jsx","statementMap":{"0":{"start":{"line":3,"column":2},"end":{"line":3,"column":28}},"1":{"start":{"line":3,"column":16},"end":{"line":3,"column":28}},"2":{"start":{"line":5,"column":2},"end":{"line":44,"column":4}}},"fnMap":{"0":{"name":"ProductDetail","decl":{"start":{"line":2,"column":24},"end":{"line":2,"column":37}},"loc":{"start":{"line":2,"column":60},"end":{"line":45,"column":1}},"line":2}},"branchMap":{"0":{"loc":{"start":{"line":3,"column":2},"end":{"line":3,"column":28}},"type":"if","locations":[{"start":{"line":3,"column":2},"end":{"line":3,"column":28}},{"start":{},"end":{}}],"line":3}},"s":{"0":2,"1":1,"2":1},"f":{"0":2},"b":{"0":[1,1]},"_coverageSchema":"1a1c01bbd47fc00a2c39e90264f33305004495a9","hash":"2371c853dc59e1ed0493eefeee148b014fd1226b"}
,"D:\\test\\software-testing\\frontend\\src\\components\\ProductForm.jsx": {"path":"D:\\test\\software-testing\\frontend\\src\\components\\ProductForm.jsx","statementMap":{"0":{"start":{"line":7,"column":26},"end":{"line":7,"column":38}},"1":{"start":{"line":8,"column":28},"end":{"line":8,"column":40}},"2":{"start":{"line":9,"column":34},"end":{"line":9,"column":46}},"3":{"start":{"line":10,"column":42},"end":{"line":10,"column":54}},"4":{"start":{"line":11,"column":40},"end":{"line":11,"column":52}},"5":{"start":{"line":12,"column":30},"end":{"line":12,"column":42}},"6":{"start":{"line":14,"column":2},"end":{"line":22,"column":16}},"7":{"start":{"line":15,"column":4},"end":{"line":21,"column":5}},"8":{"start":{"line":16,"column":6},"end":{"line":16,"column":28}},"9":{"start":{"line":17,"column":6},"end":{"line":17,"column":30}},"10":{"start":{"line":18,"column":6},"end":{"line":18,"column":36}},"11":{"start":{"line":19,"column":6},"end":{"line":19,"column":44}},"12":{"start":{"line":20,"column":6},"end":{"line":20,"column":42}},"13":{"start":{"line":24,"column":21},"end":{"line":36,"column":3}},"14":{"start":{"line":25,"column":17},"end":{"line":25,"column":69}},"15":{"start":{"line":26,"column":29},"end":{"line":26,"column":50}},"16":{"start":{"line":27,"column":4},"end":{"line":27,"column":32}},"17":{"start":{"line":28,"column":4},"end":{"line":30,"column":5}},"18":{"start":{"line":29,"column":6},"end":{"line":29,"column":13}},"19":{"start":{"line":31,"column":4},"end":{"line":31,"column":22}},"20":{"start":{"line":32,"column":4},"end":{"line":33,"column":35}},"21":{"start":{"line":32,"column":17},"end":{"line":32,"column":55}},"22":{"start":{"line":33,"column":9},"end":{"line":33,"column":35}},"23":{"start":{"line":35,"column":4},"end":{"line":35,"column":22}},"24":{"start":{"line":38,"column":2},"end":{"line":100,"column":4}},"25":{"start":{"line":65,"column":87},"end":{"line":65,"column":110}},"26":{"start":{"line":69,"column":103},"end":{"line":69,"column":127}},"27":{"start":{"line":73,"column":114},"end":{"line":73,"column":141}},"28":{"start":{"line":79,"column":105},"end":{"line":79,"column":136}},"29":{"start":{"line":91,"column":127},"end":{"line":91,"column":157}}},"fnMap":{"0":{"name":"ProductForm","decl":{"start":{"line":6,"column":24},"end":{"line":6,"column":35}},"loc":{"start":{"line":6,"column":76},"end":{"line":101,"column":1}},"line":6},"1":{"name":"(anonymous_1)","decl":{"start":{"line":14,"column":12},"end":{"line":14,"column":13}},"loc":{"start":{"line":14,"column":18},"end":{"line":22,"column":3}},"line":14},"2":{"name":"(anonymous_2)","decl":{"start":{"line":24,"column":21},"end":{"line":24,"column":22}},"loc":{"start":{"line":24,"column":33},"end":{"line":36,"column":3}},"line":24},"3":{"name":"(anonymous_3)","decl":{"start":{"line":65,"column":82},"end":{"line":65,"column":83}},"loc":{"start":{"line":65,"column":87},"end":{"line":65,"column":110}},"line":65},"4":{"name":"(anonymous_4)","decl":{"start":{"line":69,"column":98},"end":{"line":69,"column":99}},"loc":{"start":{"line":69,"column":103},"end":{"line":69,"column":127}},"line":69},"5":{"name":"(anonymous_5)","decl":{"start":{"line":73,"column":109},"end":{"line":73,"column":110}},"loc":{"start":{"line":73,"column":114},"end":{"line":73,"column":141}},"line":73},"6":{"name":"(anonymous_6)","decl":{"start":{"line":79,"column":100},"end":{"line":79,"column":101}},"loc":{"start":{"line":79,"column":105},"end":{"line":79,"column":136}},"line":79},"7":{"name":"(anonymous_7)","decl":{"start":{"line":91,"column":122},"end":{"line":91,"column":123}},"loc":{"start":{"line":91,"column":127},"end":{"line":91,"column":157}},"line":91}},"branchMap":{"0":{"loc":{"start":{"line":15,"column":4},"end":{"line":21,"column":5}},"type":"if","locations":[{"start":{"line":15,"column":4},"end":{"line":21,"column":5}},{"start":{},"end":{}}],"line":15},"1":{"loc":{"start":{"line":28,"column":4},"end":{"line":30,"column":5}},"type":"if","locations":[{"start":{"line":28,"column":4},"end":{"line":30,"column":5}},{"start":{},"end":{}}],"line":28},"2":{"loc":{"start":{"line":32,"column":4},"end":{"line":33,"column":35}},"type":"if","locations":[{"start":{"line":32,"column":4},"end":{"line":33,"column":35}},{"start":{"line":33,"column":9},"end":{"line":33,"column":35}}],"line":32},"3":{"loc":{"start":{"line":63,"column":13},"end":{"line":63,"column":56}},"type":"cond-expr","locations":[{"start":{"line":63,"column":23},"end":{"line":63,"column":37}},{"start":{"line":63,"column":40},"end":{"line":63,"column":56}}],"line":63},"4":{"loc":{"start":{"line":67,"column":10},"end":{"line":67,"column":68}},"type":"binary-expr","locations":[{"start":{"line":67,"column":10},"end":{"line":67,"column":21}},{"start":{"line":67,"column":25},"end":{"line":67,"column":68}}],"line":67},"5":{"loc":{"start":{"line":71,"column":10},"end":{"line":71,"column":70}},"type":"binary-expr","locations":[{"start":{"line":71,"column":10},"end":{"line":71,"column":22}},{"start":{"line":71,"column":26},"end":{"line":71,"column":70}}],"line":71},"6":{"loc":{"start":{"line":75,"column":10},"end":{"line":75,"column":76}},"type":"binary-expr","locations":[{"start":{"line":75,"column":10},"end":{"line":75,"column":25}},{"start":{"line":75,"column":29},"end":{"line":75,"column":76}}],"line":75},"7":{"loc":{"start":{"line":89,"column":10},"end":{"line":89,"column":84}},"type":"binary-expr","locations":[{"start":{"line":89,"column":10},"end":{"line":89,"column":29}},{"start":{"line":89,"column":33},"end":{"line":89,"column":84}}],"line":89},"8":{"loc":{"start":{"line":93,"column":10},"end":{"line":93,"column":82}},"type":"binary-expr","locations":[{"start":{"line":93,"column":10},"end":{"line":93,"column":28}},{"start":{"line":93,"column":32},"end":{"line":93,"column":82}}],"line":93}},"s":{"0":17,"1":17,"2":17,"3":17,"4":17,"5":17,"6":17,"7":3,"8":1,"9":1,"10":1,"11":1,"12":1,"13":17,"14":3,"15":3,"16":3,"17":3,"18":1,"19":2,"20":2,"21":1,"22":1,"23":2,"24":17,"25":2,"26":2,"27":2,"28":2,"29":2},"f":{"0":17,"1":3,"2":3,"3":2,"4":2,"5":2,"6":2,"7":2},"b":{"0":[1,2],"1":[1,2],"2":[1,1],"3":[8,9],"4":[17,1],"5":[17,1],"6":[17,1],"7":[17,1],"8":[17,0]},"_coverageSchema":"1a1c01bbd47fc00a2c39e90264f33305004495a9","hash":"8c6a8a3a741d3b7b4e603dba1d54077f4d218625"}
,"D:\\test\\software-testing\\frontend\\src\\components\\ProductList.jsx": {"path":"D:\\test\\software-testing\\frontend\\src\\components\\ProductList.jsx","statementMap":{"0":{"start":{"line":5,"column":2},"end":{"line":50,"column":4}},"1":{"start":{"line":20,"column":10},"end":{"line":46,"column":15}},"2":{"start":{"line":23,"column":27},"end":{"line":23,"column":38}},"3":{"start":{"line":39,"column":18},"end":{"line":39,"column":38}},"4":{"start":{"line":40,"column":18},"end":{"line":40,"column":30}}},"fnMap":{"0":{"name":"ProductList","decl":{"start":{"line":2,"column":24},"end":{"line":2,"column":35}},"loc":{"start":{"line":2,"column":82},"end":{"line":51,"column":1}},"line":2},"1":{"name":"(anonymous_1)","decl":{"start":{"line":19,"column":22},"end":{"line":19,"column":23}},"loc":{"start":{"line":20,"column":10},"end":{"line":46,"column":15}},"line":20},"2":{"name":"(anonymous_2)","decl":{"start":{"line":23,"column":21},"end":{"line":23,"column":22}},"loc":{"start":{"line":23,"column":27},"end":{"line":23,"column":38}},"line":23},"3":{"name":"(anonymous_3)","decl":{"start":{"line":38,"column":25},"end":{"line":38,"column":26}},"loc":{"start":{"line":38,"column":32},"end":{"line":41,"column":17}},"line":38}},"branchMap":{"0":{"loc":{"start":{"line":25,"column":26},"end":{"line":25,"column":72}},"type":"cond-expr","locations":[{"start":{"line":25,"column":48},"end":{"line":25,"column":67}},{"start":{"line":25,"column":70},"end":{"line":25,"column":72}}],"line":25}},"s":{"0":4,"1":16,"2":1,"3":1,"4":1},"f":{"0":4,"1":16,"2":1,"3":1},"b":{"0":[1,15]},"_coverageSchema":"1a1c01bbd47fc00a2c39e90264f33305004495a9","hash":"ff19fe395ea29857a96819693c04ddb1ab5bb5cd"}
,"D:\\test\\software-testing\\frontend\\src\\services\\authService.js": {"path":"D:\\test\\software-testing\\frontend\\src\\services\\authService.js","statementMap":{"0":{"start":{"line":3,"column":16},"end":{"line":3,"column":28}},"1":{"start":{"line":6,"column":21},"end":{"line":6,"column":80}},"2":{"start":{"line":7,"column":4},"end":{"line":7,"column":25}}},"fnMap":{"0":{"name":"loginUser","decl":{"start":{"line":5,"column":22},"end":{"line":5,"column":31}},"loc":{"start":{"line":5,"column":52},"end":{"line":8,"column":1}},"line":5}},"branchMap":{},"s":{"0":2,"1":0,"2":0},"f":{"0":0},"b":{},"_coverageSchema":"1a1c01bbd47fc00a2c39e90264f33305004495a9","hash":"19d046618190316a938e83501632dc56d01596ed"}
,"D:\\test\\software-testing\\frontend\\src\\services\\productService.js": {"path":"D:\\test\\software-testing\\frontend\\src\\services\\productService.js","statementMap":{"0":{"start":{"line":3,"column":21},"end":{"line":3,"column":36}},"1":{"start":{"line":6,"column":27},"end":{"line":14,"column":1}},"2":{"start":{"line":7,"column":16},"end":{"line":7,"column":45}},"3":{"start":{"line":8,"column":19},"end":{"line":12,"column":4}},"4":{"start":{"line":13,"column":2},"end":{"line":13,"column":23}},"5":{"start":{"line":17,"column":30},"end":{"line":25,"column":1}},"6":{"start":{"line":18,"column":16},"end":{"line":18,"column":45}},"7":{"start":{"line":19,"column":21},"end":{"line":23,"column":4}},"8":{"start":{"line":24,"column":4},"end":{"line":24,"column":25}},"9":{"start":{"line":28,"column":29},"end":{"line":36,"column":1}},"10":{"start":{"line":29,"column":16},"end":{"line":29,"column":45}},"11":{"start":{"line":30,"column":14},"end":{"line":34,"column":4}},"12":{"start":{"line":35,"column":2},"end":{"line":35,"column":18}},"13":{"start":{"line":39,"column":29},"end":{"line":47,"column":1}},"14":{"start":{"line":40,"column":16},"end":{"line":40,"column":45}},"15":{"start":{"line":41,"column":14},"end":{"line":45,"column":4}},"16":{"start":{"line":46,"column":2},"end":{"line":46,"column":18}},"17":{"start":{"line":50,"column":29},"end":{"line":57,"column":1}},"18":{"start":{"line":51,"column":16},"end":{"line":51,"column":45}},"19":{"start":{"line":52,"column":2},"end":{"line":56,"column":5}},"20":{"start":{"line":60,"column":30},"end":{"line":72,"column":1}},"21":{"start":{"line":61,"column":16},"end":{"line":61,"column":45}},"22":{"start":{"line":62,"column":14},"end":{"line":70,"column":3}},"23":{"start":{"line":71,"column":2},"end":{"line":71,"column":18}}},"fnMap":{"0":{"name":"(anonymous_0)","decl":{"start":{"line":6,"column":27},"end":{"line":6,"column":28}},"loc":{"start":{"line":6,"column":58},"end":{"line":14,"column":1}},"line":6},"1":{"name":"(anonymous_1)","decl":{"start":{"line":17,"column":30},"end":{"line":17,"column":31}},"loc":{"start":{"line":17,"column":51},"end":{"line":25,"column":1}},"line":17},"2":{"name":"(anonymous_2)","decl":{"start":{"line":28,"column":29},"end":{"line":28,"column":30}},"loc":{"start":{"line":28,"column":48},"end":{"line":36,"column":1}},"line":28},"3":{"name":"(anonymous_3)","decl":{"start":{"line":39,"column":29},"end":{"line":39,"column":30}},"loc":{"start":{"line":39,"column":52},"end":{"line":47,"column":1}},"line":39},"4":{"name":"(anonymous_4)","decl":{"start":{"line":50,"column":29},"end":{"line":50,"column":30}},"loc":{"start":{"line":50,"column":43},"end":{"line":57,"column":1}},"line":50},"5":{"name":"(anonymous_5)","decl":{"start":{"line":60,"column":30},"end":{"line":60,"column":31}},"loc":{"start":{"line":60,"column":64},"end":{"line":72,"column":1}},"line":60}},"branchMap":{"0":{"loc":{"start":{"line":6,"column":34},"end":{"line":6,"column":42}},"type":"default-arg","locations":[{"start":{"line":6,"column":41},"end":{"line":6,"column":42}}],"line":6},"1":{"loc":{"start":{"line":6,"column":44},"end":{"line":6,"column":53}},"type":"default-arg","locations":[{"start":{"line":6,"column":51},"end":{"line":6,"column":53}}],"line":6}},"s":{"0":3,"1":3,"2":0,"3":0,"4":0,"5":3,"6":0,"7":0,"8":0,"9":3,"10":0,"11":0,"12":0,"13":3,"14":0,"15":0,"16":0,"17":3,"18":0,"19":0,"20":3,"21":0,"22":0,"23":0},"f":{"0":0,"1":0,"2":0,"3":0,"4":0,"5":0},"b":{"0":[0],"1":[0]},"_coverageSchema":"1a1c01bbd47fc00a2c39e90264f33305004495a9","hash":"725bb63d7c80efaf78de68fa0cb3ebc2ce6c77be"}
,"D:\\test\\software-testing\\frontend\\src\\utils\\productValidation.js": {"path":"D:\\test\\software-testing\\frontend\\src\\utils\\productValidation.js","statementMap":{"0":{"start":{"line":1,"column":31},"end":{"line":33,"column":1}},"1":{"start":{"line":2,"column":17},"end":{"line":2,"column":19}},"2":{"start":{"line":4,"column":2},"end":{"line":10,"column":3}},"3":{"start":{"line":5,"column":4},"end":{"line":9,"column":5}},"4":{"start":{"line":6,"column":8},"end":{"line":6,"column":57}},"5":{"start":{"line":8,"column":8},"end":{"line":8,"column":61}},"6":{"start":{"line":11,"column":2},"end":{"line":12,"column":58}},"7":{"start":{"line":12,"column":4},"end":{"line":12,"column":58}},"8":{"start":{"line":14,"column":2},"end":{"line":15,"column":49}},"9":{"start":{"line":15,"column":4},"end":{"line":15,"column":49}},"10":{"start":{"line":16,"column":2},"end":{"line":17,"column":42}},"11":{"start":{"line":17,"column":4},"end":{"line":17,"column":42}},"12":{"start":{"line":19,"column":2},"end":{"line":20,"column":53}},"13":{"start":{"line":20,"column":4},"end":{"line":20,"column":53}},"14":{"start":{"line":21,"column":2},"end":{"line":22,"column":47}},"15":{"start":{"line":22,"column":4},"end":{"line":22,"column":47}},"16":{"start":{"line":23,"column":2},"end":{"line":24,"column":41}},"17":{"start":{"line":24,"column":4},"end":{"line":24,"column":41}},"18":{"start":{"line":26,"column":2},"end":{"line":27,"column":63}},"19":{"start":{"line":27,"column":4},"end":{"line":27,"column":63}},"20":{"start":{"line":29,"column":2},"end":{"line":30,"column":57}},"21":{"start":{"line":30,"column":4},"end":{"line":30,"column":57}},"22":{"start":{"line":32,"column":2},"end":{"line":32,"column":16}}},"fnMap":{"0":{"name":"(anonymous_0)","decl":{"start":{"line":1,"column":31},"end":{"line":1,"column":32}},"loc":{"start":{"line":1,"column":44},"end":{"line":33,"column":1}},"line":1}},"branchMap":{"0":{"loc":{"start":{"line":4,"column":2},"end":{"line":10,"column":3}},"type":"if","locations":[{"start":{"line":4,"column":2},"end":{"line":10,"column":3}},{"start":{},"end":{}}],"line":4},"1":{"loc":{"start":{"line":4,"column":6},"end":{"line":4,"column":53}},"type":"binary-expr","locations":[{"start":{"line":4,"column":6},"end":{"line":4,"column":19}},{"start":{"line":4,"column":23},"end":{"line":4,"column":53}}],"line":4},"2":{"loc":{"start":{"line":5,"column":4},"end":{"line":9,"column":5}},"type":"if","locations":[{"start":{"line":5,"column":4},"end":{"line":9,"column":5}},{"start":{"line":7,"column":11},"end":{"line":9,"column":5}}],"line":5},"3":{"loc":{"start":{"line":11,"column":2},"end":{"line":12,"column":58}},"type":"if","locations":[{"start":{"line":11,"column":2},"end":{"line":12,"column":58}},{"start":{},"end":{}}],"line":11},"4":{"loc":{"start":{"line":11,"column":6},"end":{"line":11,"column":47}},"type":"binary-expr","locations":[{"start":{"line":11,"column":6},"end":{"line":11,"column":18}},{"start":{"line":11,"column":22},"end":{"line":11,"column":47}}],"line":11},"5":{"loc":{"start":{"line":14,"column":2},"end":{"line":15,"column":49}},"type":"if","locations":[{"start":{"line":14,"column":2},"end":{"line":15,"column":49}},{"start":{},"end":{}}],"line":14},"6":{"loc":{"start":{"line":16,"column":2},"end":{"line":17,"column":42}},"type":"if","locations":[{"start":{"line":16,"column":2},"end":{"line":17,"column":42}},{"start":{},"end":{}}],"line":16},"7":{"loc":{"start":{"line":19,"column":2},"end":{"line":20,"column":53}},"type":"if","locations":[{"start":{"line":19,"column":2},"end":{"line":20,"column":53}},{"start":{},"end":{}}],"line":19},"8":{"loc":{"start":{"line":19,"column":6},"end":{"line":19,"column":92}},"type":"binary-expr","locations":[{"start":{"line":19,"column":6},"end":{"line":19,"column":29}},{"start":{"line":19,"column":33},"end":{"line":19,"column":58}},{"start":{"line":19,"column":62},"end":{"line":19,"column":92}}],"line":19},"9":{"loc":{"start":{"line":21,"column":2},"end":{"line":22,"column":47}},"type":"if","locations":[{"start":{"line":21,"column":2},"end":{"line":22,"column":47}},{"start":{},"end":{}}],"line":21},"10":{"loc":{"start":{"line":23,"column":2},"end":{"line":24,"column":41}},"type":"if","locations":[{"start":{"line":23,"column":2},"end":{"line":24,"column":41}},{"start":{},"end":{}}],"line":23},"11":{"loc":{"start":{"line":26,"column":2},"end":{"line":27,"column":63}},"type":"if","locations":[{"start":{"line":26,"column":2},"end":{"line":27,"column":63}},{"start":{},"end":{}}],"line":26},"12":{"loc":{"start":{"line":26,"column":6},"end":{"line":26,"column":61}},"type":"binary-expr","locations":[{"start":{"line":26,"column":6},"end":{"line":26,"column":25}},{"start":{"line":26,"column":29},"end":{"line":26,"column":61}}],"line":26},"13":{"loc":{"start":{"line":29,"column":2},"end":{"line":30,"column":57}},"type":"if","locations":[{"start":{"line":29,"column":2},"end":{"line":30,"column":57}},{"start":{},"end":{}}],"line":29}},"s":{"0":2,"1":21,"2":21,"3":4,"4":2,"5":2,"6":21,"7":1,"8":21,"9":4,"10":21,"11":1,"12":21,"13":2,"14":21,"15":1,"16":21,"17":1,"18":21,"19":1,"20":21,"21":2,"22":21},"f":{"0":21},"b":{"0":[4,17],"1":[21,19],"2":[2,2],"3":[1,20],"4":[21,19],"5":[4,17],"6":[1,20],"7":[2,19],"8":[21,19,19],"9":[1,20],"10":[1,20],"11":[1,20],"12":[21,4],"13":[2,19]},"_coverageSchema":"1a1c01bbd47fc00a2c39e90264f33305004495a9","hash":"2fc65b3b46d22d0e2e5f966d65bfeaacf99e9460"}
,"D:\\test\\software-testing\\frontend\\src\\utils\\validation.js": {"path":"D:\\test\\software-testing\\frontend\\src\\utils\\validation.js","statementMap":{"0":{"start":{"line":2,"column":2},"end":{"line":2,"column":60}},"1":{"start":{"line":2,"column":17},"end":{"line":2,"column":60}},"2":{"start":{"line":3,"column":2},"end":{"line":3,"column":74}},"3":{"start":{"line":3,"column":27},"end":{"line":3,"column":74}},"4":{"start":{"line":4,"column":2},"end":{"line":4,"column":80}},"5":{"start":{"line":4,"column":28},"end":{"line":4,"column":80}},"6":{"start":{"line":5,"column":16},"end":{"line":5,"column":35}},"7":{"start":{"line":6,"column":2},"end":{"line":6,"column":81}},"8":{"start":{"line":6,"column":29},"end":{"line":6,"column":81}},"9":{"start":{"line":7,"column":2},"end":{"line":7,"column":12}},"10":{"start":{"line":11,"column":2},"end":{"line":11,"column":55}},"11":{"start":{"line":11,"column":17},"end":{"line":11,"column":55}},"12":{"start":{"line":12,"column":2},"end":{"line":12,"column":69}},"13":{"start":{"line":12,"column":27},"end":{"line":12,"column":69}},"14":{"start":{"line":13,"column":2},"end":{"line":13,"column":77}},"15":{"start":{"line":13,"column":29},"end":{"line":13,"column":77}},"16":{"start":{"line":14,"column":16},"end":{"line":14,"column":44}},"17":{"start":{"line":15,"column":2},"end":{"line":15,"column":68}},"18":{"start":{"line":15,"column":29},"end":{"line":15,"column":68}},"19":{"start":{"line":16,"column":2},"end":{"line":16,"column":12}}},"fnMap":{"0":{"name":"validateUsername","decl":{"start":{"line":1,"column":16},"end":{"line":1,"column":32}},"loc":{"start":{"line":1,"column":43},"end":{"line":8,"column":1}},"line":1},"1":{"name":"validatePassword","decl":{"start":{"line":10,"column":16},"end":{"line":10,"column":32}},"loc":{"start":{"line":10,"column":43},"end":{"line":17,"column":1}},"line":10}},"branchMap":{"0":{"loc":{"start":{"line":2,"column":2},"end":{"line":2,"column":60}},"type":"if","locations":[{"start":{"line":2,"column":2},"end":{"line":2,"column":60}},{"start":{},"end":{}}],"line":2},"1":{"loc":{"start":{"line":3,"column":2},"end":{"line":3,"column":74}},"type":"if","locations":[{"start":{"line":3,"column":2},"end":{"line":3,"column":74}},{"start":{},"end":{}}],"line":3},"2":{"loc":{"start":{"line":4,"column":2},"end":{"line":4,"column":80}},"type":"if","locations":[{"start":{"line":4,"column":2},"end":{"line":4,"column":80}},{"start":{},"end":{}}],"line":4},"3":{"loc":{"start":{"line":6,"column":2},"end":{"line":6,"column":81}},"type":"if","locations":[{"start":{"line":6,"column":2},"end":{"line":6,"column":81}},{"start":{},"end":{}}],"line":6},"4":{"loc":{"start":{"line":11,"column":2},"end":{"line":11,"column":55}},"type":"if","locations":[{"start":{"line":11,"column":2},"end":{"line":11,"column":55}},{"start":{},"end":{}}],"line":11},"5":{"loc":{"start":{"line":12,"column":2},"end":{"line":12,"column":69}},"type":"if","locations":[{"start":{"line":12,"column":2},"end":{"line":12,"column":69}},{"start":{},"end":{}}],"line":12},"6":{"loc":{"start":{"line":13,"column":2},"end":{"line":13,"column":77}},"type":"if","locations":[{"start":{"line":13,"column":2},"end":{"line":13,"column":77}},{"start":{},"end":{}}],"line":13},"7":{"loc":{"start":{"line":15,"column":2},"end":{"line":15,"column":68}},"type":"if","locations":[{"start":{"line":15,"column":2},"end":{"line":15,"column":68}},{"start":{},"end":{}}],"line":15}},"s":{"0":10,"1":2,"2":8,"3":1,"4":7,"5":1,"6":6,"7":6,"8":1,"9":5,"10":10,"11":2,"12":8,"13":1,"14":7,"15":1,"16":6,"17":6,"18":1,"19":5},"f":{"0":10,"1":10},"b":{"0":[2,8],"1":[1,7],"2":[1,6],"3":[1,5],"4":[2,8],"5":[1,7],"6":[1,6],"7":[1,5]},"_coverageSchema":"1a1c01bbd47fc00a2c39e90264f33305004495a9","hash":"696dc21fe77b919e35415faf15c3cf94c7156c39"}
}
