TN:
SF:src\components\Login.jsx
FN:7,Login
FN:16,(anonymous_1)
FN:47,(anonymous_2)
FN:61,(anonymous_3)
FN:67,(anonymous_4)
FN:68,(anonymous_5)
FN:69,(anonymous_6)
FNF:7
FNH:4
FNDA:23,Login
FNDA:5,(anonymous_1)
FNDA:4,(anonymous_2)
FNDA:4,(anonymous_3)
FNDA:0,(anonymous_4)
FNDA:0,(anonymous_5)
FNDA:0,(anonymous_6)
DA:8,23
DA:9,23
DA:10,23
DA:11,23
DA:12,23
DA:13,23
DA:16,23
DA:17,5
DA:19,5
DA:20,5
DA:21,5
DA:26,5
DA:27,1
DA:30,4
DA:31,4
DA:32,2
DA:33,2
DA:34,2
DA:35,2
DA:37,2
DA:41,23
DA:47,4
DA:61,4
DA:67,0
DA:68,0
DA:69,0
LF:26
LH:23
BRDA:26,0,0,1
BRDA:26,0,1,4
BRDA:26,1,0,5
BRDA:26,1,1,4
BRDA:49,2,0,23
BRDA:49,2,1,1
BRDA:56,3,0,0
BRDA:56,3,1,23
BRDA:82,4,0,23
BRDA:82,4,1,1
BRDA:89,5,0,23
BRDA:89,5,1,5
BRDA:90,6,0,3
BRDA:90,6,1,2
BRF:14
BRH:13
end_of_record
TN:
SF:src\components\ProductDetail.jsx
FN:2,ProductDetail
FNF:1
FNH:1
FNDA:2,ProductDetail
DA:3,2
DA:5,1
LF:2
LH:2
BRDA:3,0,0,1
BRDA:3,0,1,1
BRF:2
BRH:2
end_of_record
TN:
SF:src\components\ProductForm.jsx
FN:6,ProductForm
FN:14,(anonymous_1)
FN:24,(anonymous_2)
FN:65,(anonymous_3)
FN:69,(anonymous_4)
FN:73,(anonymous_5)
FN:79,(anonymous_6)
FN:91,(anonymous_7)
FNF:8
FNH:8
FNDA:17,ProductForm
FNDA:3,(anonymous_1)
FNDA:3,(anonymous_2)
FNDA:2,(anonymous_3)
FNDA:2,(anonymous_4)
FNDA:2,(anonymous_5)
FNDA:2,(anonymous_6)
FNDA:2,(anonymous_7)
DA:7,17
DA:8,17
DA:9,17
DA:10,17
DA:11,17
DA:12,17
DA:14,17
DA:15,3
DA:16,1
DA:17,1
DA:18,1
DA:19,1
DA:20,1
DA:24,17
DA:25,3
DA:26,3
DA:27,3
DA:28,3
DA:29,1
DA:31,2
DA:32,2
DA:33,1
DA:35,2
DA:38,17
DA:65,2
DA:69,2
DA:73,2
DA:79,2
DA:91,2
LF:29
LH:29
BRDA:15,0,0,1
BRDA:15,0,1,2
BRDA:28,1,0,1
BRDA:28,1,1,2
BRDA:32,2,0,1
BRDA:32,2,1,1
BRDA:63,3,0,8
BRDA:63,3,1,9
BRDA:67,4,0,17
BRDA:67,4,1,1
BRDA:71,5,0,17
BRDA:71,5,1,1
BRDA:75,6,0,17
BRDA:75,6,1,1
BRDA:89,7,0,17
BRDA:89,7,1,1
BRDA:93,8,0,17
BRDA:93,8,1,0
BRF:18
BRH:17
end_of_record
TN:
SF:src\components\ProductList.jsx
FN:2,ProductList
FN:19,(anonymous_1)
FN:23,(anonymous_2)
FN:38,(anonymous_3)
FNF:4
FNH:4
FNDA:4,ProductList
FNDA:16,(anonymous_1)
FNDA:1,(anonymous_2)
FNDA:1,(anonymous_3)
DA:5,4
DA:20,16
DA:23,1
DA:39,1
DA:40,1
LF:5
LH:5
BRDA:25,0,0,1
BRDA:25,0,1,15
BRF:2
BRH:2
end_of_record
TN:
SF:src\services\authService.js
FN:5,loginUser
FNF:1
FNH:0
FNDA:0,loginUser
DA:3,2
DA:6,0
DA:7,0
LF:3
LH:1
BRF:0
BRH:0
end_of_record
TN:
SF:src\services\productService.js
FN:6,(anonymous_0)
FN:17,(anonymous_1)
FN:28,(anonymous_2)
FN:39,(anonymous_3)
FN:50,(anonymous_4)
FN:60,(anonymous_5)
FNF:6
FNH:0
FNDA:0,(anonymous_0)
FNDA:0,(anonymous_1)
FNDA:0,(anonymous_2)
FNDA:0,(anonymous_3)
FNDA:0,(anonymous_4)
FNDA:0,(anonymous_5)
DA:3,3
DA:6,3
DA:7,0
DA:8,0
DA:13,0
DA:17,3
DA:18,0
DA:19,0
DA:24,0
DA:28,3
DA:29,0
DA:30,0
DA:35,0
DA:39,3
DA:40,0
DA:41,0
DA:46,0
DA:50,3
DA:51,0
DA:52,0
DA:60,3
DA:61,0
DA:62,0
DA:71,0
LF:24
LH:7
BRDA:6,0,0,0
BRDA:6,1,0,0
BRF:2
BRH:0
end_of_record
TN:
SF:src\utils\productValidation.js
FN:1,(anonymous_0)
FNF:1
FNH:1
FNDA:21,(anonymous_0)
DA:1,2
DA:2,21
DA:4,21
DA:5,4
DA:6,2
DA:8,2
DA:11,21
DA:12,1
DA:14,21
DA:15,4
DA:16,21
DA:17,1
DA:19,21
DA:20,2
DA:21,21
DA:22,1
DA:23,21
DA:24,1
DA:26,21
DA:27,1
DA:29,21
DA:30,2
DA:32,21
LF:23
LH:23
BRDA:4,0,0,4
BRDA:4,0,1,17
BRDA:4,1,0,21
BRDA:4,1,1,19
BRDA:5,2,0,2
BRDA:5,2,1,2
BRDA:11,3,0,1
BRDA:11,3,1,20
BRDA:11,4,0,21
BRDA:11,4,1,19
BRDA:14,5,0,4
BRDA:14,5,1,17
BRDA:16,6,0,1
BRDA:16,6,1,20
BRDA:19,7,0,2
BRDA:19,7,1,19
BRDA:19,8,0,21
BRDA:19,8,1,19
BRDA:19,8,2,19
BRDA:21,9,0,1
BRDA:21,9,1,20
BRDA:23,10,0,1
BRDA:23,10,1,20
BRDA:26,11,0,1
BRDA:26,11,1,20
BRDA:26,12,0,21
BRDA:26,12,1,4
BRDA:29,13,0,2
BRDA:29,13,1,19
BRF:29
BRH:29
end_of_record
TN:
SF:src\utils\validation.js
FN:1,validateUsername
FN:10,validatePassword
FNF:2
FNH:2
FNDA:10,validateUsername
FNDA:10,validatePassword
DA:2,10
DA:3,8
DA:4,7
DA:5,6
DA:6,6
DA:7,5
DA:11,10
DA:12,8
DA:13,7
DA:14,6
DA:15,6
DA:16,5
LF:12
LH:12
BRDA:2,0,0,2
BRDA:2,0,1,8
BRDA:3,1,0,1
BRDA:3,1,1,7
BRDA:4,2,0,1
BRDA:4,2,1,6
BRDA:6,3,0,1
BRDA:6,3,1,5
BRDA:11,4,0,2
BRDA:11,4,1,8
BRDA:12,5,0,1
BRDA:12,5,1,7
BRDA:13,6,0,1
BRDA:13,6,1,6
BRDA:15,7,0,1
BRDA:15,7,1,5
BRF:16
BRH:16
end_of_record
